0 info it worked if it ends with ok
1 verbose cli [ '/usr/local/bin/node', '/usr/local/bin/npm', 'install' ]
2 info using npm@2.14.4
3 info using node@v4.1.1
4 verbose readDependencies loading dependencies from /Users/leoknudsen/projects/blooddivisiontwo/package.json
5 verbose install where, deps [ '/Users/leoknudsen/projects/blooddivisiontwo',
5 verbose install   [ 'laravel-elixir', 'bootstrap-sass', 'gulp' ] ]
6 verbose install where, peers [ '/Users/leoknudsen/projects/blooddivisiontwo', [] ]
7 verbose installManyTop reading for lifecycle /Users/leoknudsen/projects/blooddivisiontwo/package.json
8 info preinstall @
9 verbose installManyTop reading scoped package data from /Users/leoknudsen/projects/blooddivisiontwo/node_modules/bootstrap-sass/package.json
10 verbose installManyTop reading scoped package data from /Users/leoknudsen/projects/blooddivisiontwo/node_modules/bower/package.json
11 verbose installManyTop reading scoped package data from /Users/leoknudsen/projects/blooddivisiontwo/node_modules/gulp/package.json
12 verbose installManyTop reading scoped package data from /Users/leoknudsen/projects/blooddivisiontwo/node_modules/laravel-elixir/package.json
13 verbose installManyTop reading scoped package data from /Users/leoknudsen/projects/blooddivisiontwo/node_modules/lightbox/package.json
14 verbose installManyTop reading scoped package data from /Users/leoknudsen/projects/blooddivisiontwo/node_modules/react/package.json
15 info package.json lightbox@0.5.0 No README data
16 verbose readDependencies loading dependencies from /Users/leoknudsen/projects/blooddivisiontwo/package.json
17 verbose targetResolver reading package data from /Users/leoknudsen/projects/blooddivisiontwo/node_modules/bootstrap-sass/package.json
18 verbose targetResolver reading package data from /Users/leoknudsen/projects/blooddivisiontwo/node_modules/bower/package.json
19 verbose targetResolver reading package data from /Users/leoknudsen/projects/blooddivisiontwo/node_modules/gulp/package.json
20 verbose targetResolver reading package data from /Users/leoknudsen/projects/blooddivisiontwo/node_modules/laravel-elixir/package.json
21 verbose targetResolver reading package data from /Users/leoknudsen/projects/blooddivisiontwo/node_modules/lightbox/package.json
22 verbose targetResolver reading package data from /Users/leoknudsen/projects/blooddivisiontwo/node_modules/react/package.json
23 verbose targetResolver reading package data from /Users/leoknudsen/projects/blooddivisiontwo/node_modules/.bin/bower/package.json
24 verbose targetResolver reading package data from /Users/leoknudsen/projects/blooddivisiontwo/node_modules/.bin/gulp/package.json
25 verbose already installed skipping laravel-elixir@^4.0.0 /Users/leoknudsen/projects/blooddivisiontwo
26 verbose already installed skipping bootstrap-sass@^3.0.0 /Users/leoknudsen/projects/blooddivisiontwo
27 verbose already installed skipping gulp@^3.8.8 /Users/leoknudsen/projects/blooddivisiontwo
28 silly install resolved []
29 info build /Users/leoknudsen/projects/blooddivisiontwo
30 info linkStuff @
31 silly linkStuff @ has /Users/leoknudsen/projects as its parent node_modules
32 verbose linkBins @
33 verbose linkMans @
34 verbose rebuildBundles @
35 verbose rebuildBundles [ '.bin',
35 verbose rebuildBundles   'bootstrap-sass',
35 verbose rebuildBundles   'bower',
35 verbose rebuildBundles   'gulp',
35 verbose rebuildBundles   'laravel-elixir',
35 verbose rebuildBundles   'lightbox',
35 verbose rebuildBundles   'react' ]
36 verbose rebuild bundle /Users/leoknudsen/projects/blooddivisiontwo/node_modules/bower
37 info build /Users/leoknudsen/projects/blooddivisiontwo/node_modules/bower
38 info preinstall bower@1.7.2
39 info linkStuff bower@1.7.2
40 silly linkStuff bower@1.7.2 has /Users/leoknudsen/projects/blooddivisiontwo/node_modules as its parent node_modules
41 verbose linkBins bower@1.7.2
42 verbose link bins [ { bower: 'bin/bower' },
42 verbose link bins   '/Users/leoknudsen/projects/blooddivisiontwo/node_modules/.bin',
42 verbose link bins   false ]
43 verbose linkMans bower@1.7.2
44 verbose rebuildBundles bower@1.7.2
45 verbose rebuildBundles [ '.bin',
45 verbose rebuildBundles   'abbrev',
45 verbose rebuildBundles   'archy',
45 verbose rebuildBundles   'bower-config',
45 verbose rebuildBundles   'bower-endpoint-parser',
45 verbose rebuildBundles   'bower-json',
45 verbose rebuildBundles   'bower-logger',
45 verbose rebuildBundles   'bower-registry-client',
45 verbose rebuildBundles   'cardinal',
45 verbose rebuildBundles   'chalk',
45 verbose rebuildBundles   'chmodr',
45 verbose rebuildBundles   'configstore',
45 verbose rebuildBundles   'decompress-zip',
45 verbose rebuildBundles   'destroy',
45 verbose rebuildBundles   'fs-write-stream-atomic',
45 verbose rebuildBundles   'fstream',
45 verbose rebuildBundles   'fstream-ignore',
45 verbose rebuildBundles   'github',
45 verbose rebuildBundles   'glob',
45 verbose rebuildBundles   'graceful-fs',
45 verbose rebuildBundles   'handlebars',
45 verbose rebuildBundles   'inquirer',
45 verbose rebuildBundles   'insight',
45 verbose rebuildBundles   'is-root',
45 verbose rebuildBundles   'junk',
45 verbose rebuildBundles   'lockfile',
45 verbose rebuildBundles   'lru-cache',
45 verbose rebuildBundles   'md5-hex',
45 verbose rebuildBundles   'mkdirp',
45 verbose rebuildBundles   'mout',
45 verbose rebuildBundles   'nopt',
45 verbose rebuildBundles   'opn',
45 verbose rebuildBundles   'p-throttler',
45 verbose rebuildBundles   'promptly',
45 verbose rebuildBundles   'q',
45 verbose rebuildBundles   'request',
45 verbose rebuildBundles   'request-progress',
45 verbose rebuildBundles   'retry',
45 verbose rebuildBundles   'rimraf',
45 verbose rebuildBundles   'semver',
45 verbose rebuildBundles   'semver-utils',
45 verbose rebuildBundles   'shell-quote',
45 verbose rebuildBundles   'stringify-object',
45 verbose rebuildBundles   'tar-fs',
45 verbose rebuildBundles   'tmp',
45 verbose rebuildBundles   'update-notifier',
45 verbose rebuildBundles   'user-home',
45 verbose rebuildBundles   'which' ]
46 verbose rebuild bundle /Users/leoknudsen/projects/blooddivisiontwo/node_modules/bower/node_modules/abbrev
47 silly gentlyRm /Users/leoknudsen/projects/blooddivisiontwo/node_modules/.bin/bower is being purged
48 verbose gentlyRm don't care about contents; nuking /Users/leoknudsen/projects/blooddivisiontwo/node_modules/.bin/bower
49 info build /Users/leoknudsen/projects/blooddivisiontwo/node_modules/bower/node_modules/abbrev
50 silly vacuum-fs purging /Users/leoknudsen/projects/blooddivisiontwo/node_modules/.bin/bower
51 silly vacuum-fs quitting because other entries in /Users/leoknudsen/projects/blooddivisiontwo/node_modules/.bin
52 info preinstall abbrev@1.0.7
53 info linkStuff abbrev@1.0.7
54 silly linkStuff abbrev@1.0.7 has /Users/leoknudsen/projects/blooddivisiontwo/node_modules/bower/node_modules as its parent node_modules
55 verbose linkBins abbrev@1.0.7
56 verbose linkMans abbrev@1.0.7
57 verbose rebuildBundles abbrev@1.0.7
58 info install abbrev@1.0.7
59 info postinstall abbrev@1.0.7
60 verbose rebuild bundle /Users/leoknudsen/projects/blooddivisiontwo/node_modules/bower/node_modules/archy
61 info build /Users/leoknudsen/projects/blooddivisiontwo/node_modules/bower/node_modules/archy
62 info preinstall archy@1.0.0
63 info linkStuff archy@1.0.0
64 silly linkStuff archy@1.0.0 has /Users/leoknudsen/projects/blooddivisiontwo/node_modules/bower/node_modules as its parent node_modules
65 verbose linkBins archy@1.0.0
66 verbose linkMans archy@1.0.0
67 verbose rebuildBundles archy@1.0.0
68 info install archy@1.0.0
69 info postinstall archy@1.0.0
70 verbose rebuild bundle /Users/leoknudsen/projects/blooddivisiontwo/node_modules/bower/node_modules/bower-config
71 info build /Users/leoknudsen/projects/blooddivisiontwo/node_modules/bower/node_modules/bower-config
72 info preinstall bower-config@1.3.0
73 info linkStuff bower-config@1.3.0
74 silly linkStuff bower-config@1.3.0 has /Users/leoknudsen/projects/blooddivisiontwo/node_modules/bower/node_modules as its parent node_modules
75 verbose linkBins bower-config@1.3.0
76 verbose linkMans bower-config@1.3.0
77 verbose rebuildBundles bower-config@1.3.0
78 verbose rebuildBundles [ 'graceful-fs', 'optimist', 'osenv', 'untildify' ]
79 info install bower-config@1.3.0
80 info postinstall bower-config@1.3.0
81 verbose rebuild bundle /Users/leoknudsen/projects/blooddivisiontwo/node_modules/bower/node_modules/bower-endpoint-parser
82 info build /Users/leoknudsen/projects/blooddivisiontwo/node_modules/bower/node_modules/bower-endpoint-parser
83 info preinstall bower-endpoint-parser@0.2.2
84 info linkStuff bower-endpoint-parser@0.2.2
85 silly linkStuff bower-endpoint-parser@0.2.2 has /Users/leoknudsen/projects/blooddivisiontwo/node_modules/bower/node_modules as its parent node_modules
86 verbose linkBins bower-endpoint-parser@0.2.2
87 verbose linkMans bower-endpoint-parser@0.2.2
88 verbose rebuildBundles bower-endpoint-parser@0.2.2
89 info install bower-endpoint-parser@0.2.2
90 info postinstall bower-endpoint-parser@0.2.2
91 verbose rebuild bundle /Users/leoknudsen/projects/blooddivisiontwo/node_modules/bower/node_modules/bower-json
92 info build /Users/leoknudsen/projects/blooddivisiontwo/node_modules/bower/node_modules/bower-json
93 info preinstall bower-json@0.4.0
94 info linkStuff bower-json@0.4.0
95 silly linkStuff bower-json@0.4.0 has /Users/leoknudsen/projects/blooddivisiontwo/node_modules/bower/node_modules as its parent node_modules
96 verbose linkBins bower-json@0.4.0
97 verbose linkMans bower-json@0.4.0
98 verbose rebuildBundles bower-json@0.4.0
99 verbose rebuildBundles [ 'deep-extend', 'graceful-fs', 'intersect' ]
100 info install bower-json@0.4.0
101 info postinstall bower-json@0.4.0
102 verbose rebuild bundle /Users/leoknudsen/projects/blooddivisiontwo/node_modules/bower/node_modules/bower-logger
103 info build /Users/leoknudsen/projects/blooddivisiontwo/node_modules/bower/node_modules/bower-logger
104 info preinstall bower-logger@0.2.2
105 info linkStuff bower-logger@0.2.2
106 silly linkStuff bower-logger@0.2.2 has /Users/leoknudsen/projects/blooddivisiontwo/node_modules/bower/node_modules as its parent node_modules
107 verbose linkBins bower-logger@0.2.2
108 verbose linkMans bower-logger@0.2.2
109 verbose rebuildBundles bower-logger@0.2.2
110 info install bower-logger@0.2.2
111 info postinstall bower-logger@0.2.2
112 verbose rebuild bundle /Users/leoknudsen/projects/blooddivisiontwo/node_modules/bower/node_modules/bower-registry-client
113 info build /Users/leoknudsen/projects/blooddivisiontwo/node_modules/bower/node_modules/bower-registry-client
114 info preinstall bower-registry-client@1.0.0
115 info linkStuff bower-registry-client@1.0.0
116 silly linkStuff bower-registry-client@1.0.0 has /Users/leoknudsen/projects/blooddivisiontwo/node_modules/bower/node_modules as its parent node_modules
117 verbose linkBins bower-registry-client@1.0.0
118 verbose linkMans bower-registry-client@1.0.0
119 verbose rebuildBundles bower-registry-client@1.0.0
120 verbose rebuildBundles [ 'async', 'graceful-fs', 'mkdirp', 'request-replay' ]
121 info install bower-registry-client@1.0.0
122 info postinstall bower-registry-client@1.0.0
123 verbose rebuild bundle /Users/leoknudsen/projects/blooddivisiontwo/node_modules/bower/node_modules/cardinal
124 info build /Users/leoknudsen/projects/blooddivisiontwo/node_modules/bower/node_modules/cardinal
125 info preinstall cardinal@0.4.4
126 info linkStuff cardinal@0.4.4
127 silly linkStuff cardinal@0.4.4 has /Users/leoknudsen/projects/blooddivisiontwo/node_modules/bower/node_modules as its parent node_modules
128 verbose linkBins cardinal@0.4.4
129 verbose link bins [ { cdl: './bin/cdl.js' },
129 verbose link bins   '/Users/leoknudsen/projects/blooddivisiontwo/node_modules/bower/node_modules/.bin',
129 verbose link bins   false ]
130 verbose linkMans cardinal@0.4.4
131 verbose rebuildBundles cardinal@0.4.4
132 verbose rebuildBundles [ 'ansicolors', 'redeyed' ]
133 silly gentlyRm /Users/leoknudsen/projects/blooddivisiontwo/node_modules/bower/node_modules/.bin/cdl is being purged
134 verbose gentlyRm don't care about contents; nuking /Users/leoknudsen/projects/blooddivisiontwo/node_modules/bower/node_modules/.bin/cdl
135 silly vacuum-fs purging /Users/leoknudsen/projects/blooddivisiontwo/node_modules/bower/node_modules/.bin/cdl
136 verbose stack Error: EACCES: permission denied, unlink '/Users/leoknudsen/projects/blooddivisiontwo/node_modules/bower/node_modules/.bin/cdl'
136 verbose stack     at Error (native)
137 verbose cwd /Users/leoknudsen/projects/blooddivisiontwo
138 error Darwin 15.0.0
139 error argv "/usr/local/bin/node" "/usr/local/bin/npm" "install"
140 error node v4.1.1
141 error npm  v2.14.4
142 error path /Users/leoknudsen/projects/blooddivisiontwo/node_modules/bower/node_modules/.bin/cdl
143 error code EACCES
144 error errno -13
145 error syscall unlink
146 error Error: EACCES: permission denied, unlink '/Users/leoknudsen/projects/blooddivisiontwo/node_modules/bower/node_modules/.bin/cdl'
146 error     at Error (native)
146 error  { [Error: EACCES: permission denied, unlink '/Users/leoknudsen/projects/blooddivisiontwo/node_modules/bower/node_modules/.bin/cdl']
146 error   errno: -13,
146 error   code: 'EACCES',
146 error   syscall: 'unlink',
146 error   path: '/Users/leoknudsen/projects/blooddivisiontwo/node_modules/bower/node_modules/.bin/cdl' }
147 error Please try running this command again as root/Administrator.
148 verbose exit [ -13, true ]
